<?xml version="1.0" encoding="UTF-8"?>
<robot generator="Robot 6.1 (Python 3.11.4 on darwin)" generated="20230722 17:10:58.874" rpa="false" schemaversion="4">
<suite id="s1" name="Demo1234" source="/Users/kd/Desktop/1234robotframework/test/demo1234.robot">
<test id="s1-t1" name="Testcase1 User fill information success" line="8">
<kw name="User Open Browser" library="keyword_demo1234">
<kw name="Open Browser" library="SeleniumLibrary">
<arg>${URL}</arg>
<arg>chrome</arg>
<doc>Opens a new browser instance to the optional ``url``.</doc>
<msg timestamp="20230722 17:10:58.931" level="INFO">Opening browser 'chrome' to base url 'https://robot-stage-1.firebaseapp.com/#/user/create-customer'.</msg>
<msg timestamp="20230722 17:10:58.932" level="INFO">Executing: /Library/Frameworks/Python.framework/Versions/3.11/lib/python3.11/site-packages/selenium/webdriver/common/macos/selenium-manager --browser chrome --output json</msg>
<status status="PASS" starttime="20230722 17:10:58.931" endtime="20230722 17:11:03.551"/>
</kw>
<kw name="Wait Until Page Contains" library="SeleniumLibrary">
<arg>ภาพรวม</arg>
<doc>Waits until ``text`` appears on the current page.</doc>
<status status="PASS" starttime="20230722 17:11:03.551" endtime="20230722 17:11:03.558"/>
</kw>
<kw name="Sleep" library="BuiltIn">
<arg>3s</arg>
<doc>Pauses the test executed for the given time.</doc>
<msg timestamp="20230722 17:11:06.560" level="INFO">Slept 3 seconds</msg>
<status status="PASS" starttime="20230722 17:11:03.558" endtime="20230722 17:11:06.560"/>
</kw>
<status status="PASS" starttime="20230722 17:10:58.931" endtime="20230722 17:11:06.560"/>
</kw>
<kw name="User fill information" library="keyword_demo1234">
<kw name="Input Text" library="SeleniumLibrary">
<arg>//*[@id="inputName"]</arg>
<arg>${NAME}</arg>
<doc>Types the given ``text`` into the text field identified by ``locator``.</doc>
<msg timestamp="20230722 17:11:06.562" level="INFO">Typing text 'QWERT zzzzzzzzzzzzzz' into text field '//*[@id="inputName"]'.</msg>
<status status="PASS" starttime="20230722 17:11:06.561" endtime="20230722 17:11:06.709"/>
</kw>
<kw name="Input Text" library="SeleniumLibrary">
<arg>//*[@id="inputEmail"]</arg>
<arg>${EMAIL}</arg>
<doc>Types the given ``text`` into the text field identified by ``locator``.</doc>
<msg timestamp="20230722 17:11:06.709" level="INFO">Typing text 'testtest@odds.team' into text field '//*[@id="inputEmail"]'.</msg>
<status status="PASS" starttime="20230722 17:11:06.709" endtime="20230722 17:11:06.747"/>
</kw>
<kw name="Input Text" library="SeleniumLibrary">
<arg>//*[@id="inputDetail"]</arg>
<arg>Learning Robotframework 101</arg>
<doc>Types the given ``text`` into the text field identified by ``locator``.</doc>
<msg timestamp="20230722 17:11:06.748" level="INFO">Typing text 'Learning Robotframework 101' into text field '//*[@id="inputDetail"]'.</msg>
<status status="PASS" starttime="20230722 17:11:06.748" endtime="20230722 17:11:06.786"/>
</kw>
<kw name="Select From List By Value" library="SeleniumLibrary">
<arg>id=inputGender</arg>
<arg>male</arg>
<doc>Selects options from selection list ``locator`` by ``values``.</doc>
<msg timestamp="20230722 17:11:06.786" level="INFO">Selecting options from selection list 'id=inputGender' by value male.</msg>
<status status="PASS" starttime="20230722 17:11:06.786" endtime="20230722 17:11:06.809"/>
</kw>
<kw name="Select From List By Value" library="SeleniumLibrary">
<arg>id=inputInterest</arg>
<arg>pet</arg>
<doc>Selects options from selection list ``locator`` by ``values``.</doc>
<msg timestamp="20230722 17:11:06.809" level="INFO">Selecting options from selection list 'id=inputInterest' by value pet.</msg>
<status status="PASS" starttime="20230722 17:11:06.809" endtime="20230722 17:11:06.845"/>
</kw>
<status status="PASS" starttime="20230722 17:11:06.560" endtime="20230722 17:11:06.845"/>
</kw>
<kw name="User Click checkbox and submit" library="keyword_demo1234">
<kw name="Click Element" library="SeleniumLibrary">
<arg>id=inputVIP</arg>
<doc>Click the element identified by ``locator``.</doc>
<msg timestamp="20230722 17:11:06.845" level="INFO">Clicking element 'id=inputVIP'.</msg>
<status status="PASS" starttime="20230722 17:11:06.845" endtime="20230722 17:11:06.869"/>
</kw>
<kw name="Click Element" library="SeleniumLibrary">
<arg>id=buttonConfirm</arg>
<doc>Click the element identified by ``locator``.</doc>
<msg timestamp="20230722 17:11:06.869" level="INFO">Clicking element 'id=buttonConfirm'.</msg>
<status status="PASS" starttime="20230722 17:11:06.869" endtime="20230722 17:11:06.892"/>
</kw>
<kw name="Sleep" library="BuiltIn">
<arg>3s</arg>
<doc>Pauses the test executed for the given time.</doc>
<msg timestamp="20230722 17:11:09.892" level="INFO">Slept 3 seconds</msg>
<status status="PASS" starttime="20230722 17:11:06.892" endtime="20230722 17:11:09.892"/>
</kw>
<status status="PASS" starttime="20230722 17:11:06.845" endtime="20230722 17:11:09.892"/>
</kw>
<status status="PASS" starttime="20230722 17:10:58.930" endtime="20230722 17:11:09.893"/>
</test>
<status status="PASS" starttime="20230722 17:10:58.874" endtime="20230722 17:11:09.894"/>
</suite>
<statistics>
<total>
<stat pass="1" fail="0" skip="0">All Tests</stat>
</total>
<tag>
</tag>
<suite>
<stat pass="1" fail="0" skip="0" id="s1" name="Demo1234">Demo1234</stat>
</suite>
</statistics>
<errors>
</errors>
</robot>
